make.exe all --print-data-base --no-builtin-variables --no-builtin-rules --question
make: *** No rule to make target 'all'.  Stop.

# GNU Make 4.3
# Built for x86_64-pc-msys
# Copyright (C) 1988-2020 Free Software Foundation, Inc.
# License GPLv3+: GNU GPL version 3 or later <http://gnu.org/licenses/gpl.html>
# This is free software: you are free to change and redistribute it.
# There is NO WARRANTY, to the extent permitted by law.

# Make data base, printed on Mon Sep 19 11:21:11 2022

# Variables

# environment
SYSTEMDRIVE = C:
# environment
JAVA_HOME = C:\Program Files\Java\jre1.8.0_311
# environment
LC_ALL = C
# makefile (from 'Makefile', line 1)
BUILD_DIRECTORY = build
# environment
USERPROFILE = C:\Users\pedro.duarte
# environment
LOCALAPPDATA = C:\Users\pedro.duarte\AppData\Local
# environment
VSCODE_CWD = C:\Users\pedro.duarte\AppData\Local\Programs\Microsoft VS Code
# environment
SYSTEMROOT = C:\windows
# environment
PROCESSOR_LEVEL = 6
# environment
PSMODULEPATH = C:\Program Files\WindowsPowerShell\Modules;C:\windows\system32\WindowsPowerShell\v1.0\Modules
# default
MAKE_COMMAND := make
# environment
USERDNSDOMAIN = TAKENET.COM.BR
# automatic
@D = $(patsubst %/,%,$(dir $@))
# environment
CHROME_CRASHPAD_PIPE_NAME = \\.\pipe\crashpad_9520_XHNRCUWSKGWOPUTS
# environment
VSCODE_HANDLES_UNCAUGHT_ERRORS = true
# default
.VARIABLES := 
# automatic
%D = $(patsubst %/,%,$(dir $%))
# automatic
^D = $(patsubst %/,%,$(dir $^))
# automatic
%F = $(notdir $%)
# environment
VSCODE_CODE_CACHE_PATH = C:\Users\pedro.duarte\AppData\Roaming\Code\CachedData\74b1f979648cc44d385a2286793c226e611f59e7
# environment
LANG = C
# default
.LOADED := 
# environment
TMP = /c/Users/PEDRO~1.DUA/AppData/Local/Temp
# default
.INCLUDE_DIRS = /usr/include /usr/include
# makefile
MAKEFLAGS = pqrR
# environment
ONEDRIVE = C:\Users\pedro.duarte\OneDrive
# makefile
CURDIR := /c/Users/pedro.duarte/Documents/projects/passgen
# environment
APPLICATION_INSIGHTS_NO_DIAGNOSTIC_CHANNEL = 1
# automatic
*D = $(patsubst %/,%,$(dir $*))
# environment
PROGRAMFILES = C:\Program Files
# environment
MFLAGS = -pqrR
# default
.SHELLFLAGS := -c
# environment
!C: = c:\Users\pedro.duarte\Documents\projects\passgen
# environment
COMMONPROGRAMW6432 = C:\Program Files\Common Files
# automatic
+D = $(patsubst %/,%,$(dir $+))
# makefile (from 'Makefile', line 1)
MAKEFILE_LIST := Makefile
# automatic
@F = $(notdir $@)
# environment
VSCODE_PID = 9520
# automatic
?D = $(patsubst %/,%,$(dir $?))
# automatic
*F = $(notdir $*)
# automatic
<D = $(patsubst %/,%,$(dir $<))
# environment
VSCODE_NLS_CONFIG = {"locale":"pt-br","availableLanguages":{},"_languagePackSupport":true}
# default
MAKE_HOST := x86_64-pc-msys
# environment
PROGRAMDATA = C:\ProgramData
# default
SHELL := /bin/sh
# environment
HOMEPATH = \Users\pedro.duarte
# default
MAKECMDGOALS := all
# environment
DRIVERDATA = C:\Windows\System32\Drivers\DriverData
# environment
COMSPEC = C:\windows\system32\cmd.exe
# environment
WINDIR = C:\windows
# environment
MAKELEVEL := 0
# default
MAKE = $(MAKE_COMMAND)
# environment
PATH = /c/Program Files (x86)/Common Files/Oracle/Java/javapath:/c/windows/system32:/c/windows:/c/windows/System32/Wbem:/c/windows/System32/WindowsPowerShell/v1.0:/c/windows/System32/OpenSSH:/c/Program Files/PuTTY:/c/Program Files/TortoiseSVN/bin:/c/Program Files (x86)/Microsoft SQL Server/150/DTS/Binn:/c/Program Files/Azure Data Studio/bin:/c/Program Files/Git/cmd:/mingw64/bin:/c/Program Files/R/R-4.1.2/bin/x64:/c/Program Files/dotnet:/c/Program Files/Microsoft SQL Server/150/Tools/Binn:/c/Program Files/Microsoft SQL Server/Client SDK/ODBC/170/Tools/Binn:/c/Program Files (x86)/PDFtk/bin:/usr/bin:/c/Users/pedro.duarte/AppData/Local/Programs/Python/Python310/Scripts:/c/Users/pedro.duarte/AppData/Local/Programs/Python/Python310:/c/Users/pedro.duarte/.dotnet/tools:/c/Users/pedro.duarte/AppData/Local/Programs/Microsoft VS Code/bin:/c/Users/pedro.duarte/AppData/Local/Programs/MiKTeX/miktex/bin/x64:/c/Users/pedro.duarte/AppData/Local/Programs/Quarto/bin
# environment
ZES_ENABLE_SYSMAN = 1
# environment
COMPUTERNAME = NOTE5-MC641
# default
MAKEFILES := 
# automatic
^F = $(notdir $^)
# environment
PROMPT = $P$G
# environment
LOGONSERVER = \\AZ-CONTROL
# environment
USERNAME = pedro.duarte
# environment
COMMONPROGRAMFILES = C:\Program Files\Common Files
# automatic
?F = $(notdir $?)
# environment
PROGRAMW6432 = C:\Program Files
# environment
PATHEXT = .COM;.EXE;.BAT;.CMD;.VBS;.VBE;.JS;.JSE;.WSF;.WSH;.MSC
# automatic
+F = $(notdir $+)
# environment
ORIGINAL_XDG_CURRENT_DESKTOP = undefined
# environment
USERDOMAIN = TAKENET
# 'override' directive
GNUMAKEFLAGS := 
# environment
OS = Windows_NT
# environment
__COMPAT_LAYER = DetectorsAppHealth
# makefile
.DEFAULT_GOAL := build/passgen
# default
MAKE_VERSION := 4.3
# environment
PROGRAMFILES(X86) = C:\Program Files (x86)
# environment
USERDOMAIN_ROAMINGPROFILE = TAKENET
# environment
NUMBER_OF_PROCESSORS = 8
# environment
PUBLIC = C:\Users\Public
# environment
APPDATA = C:\Users\pedro.duarte\AppData\Roaming
# environment
HOMEDRIVE = C:
# environment
PROCESSOR_ARCHITECTURE = AMD64
# makefile (from 'Makefile', line 2)
SOURCE_DIRECTORY = src
# environment
RTOOLS40_HOME = C:\rtools40
# environment
VSCODE_AMD_ENTRYPOINT = vs/workbench/api/node/extensionHostProcess
# environment
HOME = /home/pedro.duarte
# environment
COMMONPROGRAMFILES(X86) = C:\Program Files (x86)\Common Files
# environment
ELECTRON_RUN_AS_NODE = 1
# environment
TEMP = /c/Users/PEDRO~1.DUA/AppData/Local/Temp
# environment
VSCODE_IPC_HOOK = \\.\pipe\3262239bd6969fd2e857cd33d2c0a7ac-1.71.2-main-sock
# environment
TERM = xterm-256color
# default
.RECIPEPREFIX := 
# automatic
<F = $(notdir $<)
# default
SUFFIXES := 
# environment
ALLUSERSPROFILE = C:\ProgramData
# environment
SESSIONNAME = Console
# default
.FEATURES := target-specific order-only second-expansion else-if shortest-stem undefine oneshell nocomment grouped-target extra-prereqs archives jobserver output-sync check-symlink load
# environment
PROCESSOR_REVISION = 7e05
# environment
PROCESSOR_IDENTIFIER = Intel64 Family 6 Model 126 Stepping 5, GenuineIntel
# variable set hash-table stats:
# Load=96/1024=9%, Rehash=0, Collisions=10/128=8%

# Pattern-specific Variable Values

# No pattern-specific variable values.

# Directories

# . (device 4134527466, inode 8162774324810505): 19 files, no impossibilities.

# 19 files, no impossibilities in 1 directories.

# Implicit Rules

# No implicit rules.

# Files

# Not a target:
Makefile:
#  Implicit rule search has been done.
#  Last modified 2022-08-29 21:01:34.2317543
#  File has been updated.
#  Successfully updated.

# Not a target:
src/main.cpp:
#  Implicit rule search has not been done.
#  Modification time never checked.
#  File has not been updated.

clean:
#  Implicit rule search has not been done.
#  Modification time never checked.
#  File has not been updated.
#  recipe to execute (from 'Makefile', line 25):
	rm *.o

# Not a target:
src/arguments_parser.cpp:
#  Implicit rule search has not been done.
#  Modification time never checked.
#  File has not been updated.

arguments_parser.o: src/arguments_parser.cpp
#  Implicit rule search has not been done.
#  Modification time never checked.
#  File has not been updated.
#  recipe to execute (from 'Makefile', line 15):
	g++ -I./include -c $(SOURCE_DIRECTORY)/arguments_parser.cpp -static-libstdc++

password.o: src/password.cpp
#  Implicit rule search has not been done.
#  Modification time never checked.
#  File has not been updated.
#  recipe to execute (from 'Makefile', line 18):
	g++ -I./include -c $(SOURCE_DIRECTORY)/password.cpp -static-libstdc++

# Not a target:
.DEFAULT:
#  Implicit rule search has not been done.
#  Modification time never checked.
#  File has not been updated.

# Not a target:
all:
#  Command line target.
#  Implicit rule search has been done.
#  File does not exist.
#  File has not been updated.

main.o: src/main.cpp
#  Implicit rule search has not been done.
#  Modification time never checked.
#  File has not been updated.
#  recipe to execute (from 'Makefile', line 12):
	g++ -I./include -c $(SOURCE_DIRECTORY)/main.cpp -static-libstdc++

build/passgen: main.o arguments_parser.o password.o global_variables.o
#  Implicit rule search has not been done.
#  Modification time never checked.
#  File has not been updated.
#  recipe to execute (from 'Makefile', line 6):
	rm -r build
	mkdir build
	g++ -I./include -o $(BUILD_DIRECTORY)/passgen main.o arguments_parser.o password.o global_variables.o -static-libstdc++
	make clean

# Not a target:
src/password.cpp:
#  Implicit rule search has not been done.
#  Modification time never checked.
#  File has not been updated.

# Not a target:
src/global_variables.cpp:
#  Implicit rule search has not been done.
#  Modification time never checked.
#  File has not been updated.

global_variables.o: src/global_variables.cpp
#  Implicit rule search has not been done.
#  Modification time never checked.
#  File has not been updated.
#  recipe to execute (from 'Makefile', line 21):
	g++ -I./include -c $(SOURCE_DIRECTORY)/global_variables.cpp -static-libstdc++

# files hash-table stats:
# Load=14/1024=1%, Rehash=0, Collisions=0/36=0%
# VPATH Search Paths

# No 'vpath' search paths.

# No general ('VPATH' variable) search path.

# strcache buffers: 1 (0) / strings = 33 / storage = 342 B / avg = 10 B
# current buf: size = 8162 B / used = 342 B / count = 33 / avg = 10 B

# strcache performance: lookups = 47 / hit rate = 29%
# hash-table stats:
# Load=33/8192=0%, Rehash=0, Collisions=0/47=0%
# Finished Make data base on Mon Sep 19 11:21:11 2022

 
